Traceback (most recent call last):
  File "/Users/bytedance/Desktop/codes/xenon_generation_sft/venv/lib/python3.9/site-packages/jupyter_cache/executors/utils.py", line 58, in single_nb_execution
    executenb(
  File "/Users/bytedance/Desktop/codes/xenon_generation_sft/venv/lib/python3.9/site-packages/nbclient/client.py", line 1314, in execute
    return NotebookClient(nb=nb, resources=resources, km=km, **kwargs).execute()
  File "/Users/bytedance/Desktop/codes/xenon_generation_sft/venv/lib/python3.9/site-packages/jupyter_core/utils/__init__.py", line 173, in wrapped
    return loop.run_until_complete(inner)
  File "/Users/bytedance/.pyenv/versions/3.9.18/lib/python3.9/asyncio/base_events.py", line 647, in run_until_complete
    return future.result()
  File "/Users/bytedance/Desktop/codes/xenon_generation_sft/venv/lib/python3.9/site-packages/nbclient/client.py", line 709, in async_execute
    await self.async_execute_cell(
  File "/Users/bytedance/Desktop/codes/xenon_generation_sft/venv/lib/python3.9/site-packages/nbclient/client.py", line 1062, in async_execute_cell
    await self._check_raise_for_error(cell, cell_index, exec_reply)
  File "/Users/bytedance/Desktop/codes/xenon_generation_sft/venv/lib/python3.9/site-packages/nbclient/client.py", line 918, in _check_raise_for_error
    raise CellExecutionError.from_cell_and_msg(cell, exec_reply_content)
nbclient.exceptions.CellExecutionError: An error occurred while executing the following cell:
------------------
result_we_need = pb90_exceed_new_rule.difference_with(pb90_exceed_original_rule)
result_we_need.export_data("./output_files/Sample sets for additional attention in the new regulation of Lead.xlsx",
                           format_type="xlsx")
------------------


[0;31m---------------------------------------------------------------------------[0m
[0;31mOSError[0m                                   Traceback (most recent call last)
Cell [0;32mIn[5], line 2[0m
[1;32m      1[0m result_we_need [38;5;241m=[39m pb90_exceed_new_rule[38;5;241m.[39mdifference_with(pb90_exceed_original_rule)
[0;32m----> 2[0m [43mresult_we_need[49m[38;5;241;43m.[39;49m[43mexport_data[49m[43m([49m[38;5;124;43m"[39;49m[38;5;124;43m./output_files/Sample sets for additional attention in the new regulation of Lead.xlsx[39;49m[38;5;124;43m"[39;49m[43m,[49m
[1;32m      3[0m [43m                           [49m[43mformat_type[49m[38;5;241;43m=[39;49m[38;5;124;43m"[39;49m[38;5;124;43mxlsx[39;49m[38;5;124;43m"[39;49m[43m)[49m

File [0;32m~/Desktop/codes/git_projects/sdwis_drink_water/src/sdwis_drink_water/data_praser.py:181[0m, in [0;36mResultDataParser.export_data[0;34m(self, filename, format_type)[0m
[1;32m    179[0m     df[38;5;241m.[39mto_parquet(filename)
[1;32m    180[0m [38;5;28;01melif[39;00m format_type [38;5;241m==[39m [38;5;124m"[39m[38;5;124mxlsx[39m[38;5;124m"[39m:
[0;32m--> 181[0m     [43mdf[49m[38;5;241;43m.[39;49m[43mto_excel[49m[43m([49m[43mfilename[49m[43m,[49m[43m [49m[43mindex[49m[38;5;241;43m=[39;49m[38;5;28;43;01mFalse[39;49;00m[43m)[49m
[1;32m    182[0m [38;5;28;01melif[39;00m format_type [38;5;241m==[39m [38;5;124m"[39m[38;5;124mcsv[39m[38;5;124m"[39m:
[1;32m    183[0m     df[38;5;241m.[39mto_csv(filename, index[38;5;241m=[39m[38;5;28;01mFalse[39;00m)

File [0;32m~/Desktop/codes/xenon_generation_sft/venv/lib/python3.9/site-packages/pandas/core/generic.py:2345[0m, in [0;36mNDFrame.to_excel[0;34m(self, excel_writer, sheet_name, na_rep, float_format, columns, header, index, index_label, startrow, startcol, engine, merge_cells, inf_rep, freeze_panes, storage_options, engine_kwargs)[0m
[1;32m   2332[0m [38;5;28;01mfrom[39;00m [38;5;21;01mpandas[39;00m[38;5;21;01m.[39;00m[38;5;21;01mio[39;00m[38;5;21;01m.[39;00m[38;5;21;01mformats[39;00m[38;5;21;01m.[39;00m[38;5;21;01mexcel[39;00m [38;5;28;01mimport[39;00m ExcelFormatter
[1;32m   2334[0m formatter [38;5;241m=[39m ExcelFormatter(
[1;32m   2335[0m     df,
[1;32m   2336[0m     na_rep[38;5;241m=[39mna_rep,
[0;32m   (...)[0m
[1;32m   2343[0m     inf_rep[38;5;241m=[39minf_rep,
[1;32m   2344[0m )
[0;32m-> 2345[0m [43mformatter[49m[38;5;241;43m.[39;49m[43mwrite[49m[43m([49m
[1;32m   2346[0m [43m    [49m[43mexcel_writer[49m[43m,[49m
[1;32m   2347[0m [43m    [49m[43msheet_name[49m[38;5;241;43m=[39;49m[43msheet_name[49m[43m,[49m
[1;32m   2348[0m [43m    [49m[43mstartrow[49m[38;5;241;43m=[39;49m[43mstartrow[49m[43m,[49m
[1;32m   2349[0m [43m    [49m[43mstartcol[49m[38;5;241;43m=[39;49m[43mstartcol[49m[43m,[49m
[1;32m   2350[0m [43m    [49m[43mfreeze_panes[49m[38;5;241;43m=[39;49m[43mfreeze_panes[49m[43m,[49m
[1;32m   2351[0m [43m    [49m[43mengine[49m[38;5;241;43m=[39;49m[43mengine[49m[43m,[49m
[1;32m   2352[0m [43m    [49m[43mstorage_options[49m[38;5;241;43m=[39;49m[43mstorage_options[49m[43m,[49m
[1;32m   2353[0m [43m    [49m[43mengine_kwargs[49m[38;5;241;43m=[39;49m[43mengine_kwargs[49m[43m,[49m
[1;32m   2354[0m [43m[49m[43m)[49m

File [0;32m~/Desktop/codes/xenon_generation_sft/venv/lib/python3.9/site-packages/pandas/io/formats/excel.py:946[0m, in [0;36mExcelFormatter.write[0;34m(self, writer, sheet_name, startrow, startcol, freeze_panes, engine, storage_options, engine_kwargs)[0m
[1;32m    942[0m     need_save [38;5;241m=[39m [38;5;28;01mFalse[39;00m
[1;32m    943[0m [38;5;28;01melse[39;00m:
[1;32m    944[0m     [38;5;66;03m# error: Cannot instantiate abstract class 'ExcelWriter' with abstract[39;00m
[1;32m    945[0m     [38;5;66;03m# attributes 'engine', 'save', 'supported_extensions' and 'write_cells'[39;00m
[0;32m--> 946[0m     writer [38;5;241m=[39m [43mExcelWriter[49m[43m([49m[43m  [49m[38;5;66;43;03m# type: ignore[abstract][39;49;00m
[1;32m    947[0m [43m        [49m[43mwriter[49m[43m,[49m
[1;32m    948[0m [43m        [49m[43mengine[49m[38;5;241;43m=[39;49m[43mengine[49m[43m,[49m
[1;32m    949[0m [43m        [49m[43mstorage_options[49m[38;5;241;43m=[39;49m[43mstorage_options[49m[43m,[49m
[1;32m    950[0m [43m        [49m[43mengine_kwargs[49m[38;5;241;43m=[39;49m[43mengine_kwargs[49m[43m,[49m
[1;32m    951[0m [43m    [49m[43m)[49m
[1;32m    952[0m     need_save [38;5;241m=[39m [38;5;28;01mTrue[39;00m
[1;32m    954[0m [38;5;28;01mtry[39;00m:

File [0;32m~/Desktop/codes/xenon_generation_sft/venv/lib/python3.9/site-packages/pandas/io/excel/_openpyxl.py:61[0m, in [0;36mOpenpyxlWriter.__init__[0;34m(self, path, engine, date_format, datetime_format, mode, storage_options, if_sheet_exists, engine_kwargs, **kwargs)[0m
[1;32m     57[0m [38;5;28;01mfrom[39;00m [38;5;21;01mopenpyxl[39;00m[38;5;21;01m.[39;00m[38;5;21;01mworkbook[39;00m [38;5;28;01mimport[39;00m Workbook
[1;32m     59[0m engine_kwargs [38;5;241m=[39m combine_kwargs(engine_kwargs, kwargs)
[0;32m---> 61[0m [38;5;28;43msuper[39;49m[43m([49m[43m)[49m[38;5;241;43m.[39;49m[38;5;21;43m__init__[39;49m[43m([49m
[1;32m     62[0m [43m    [49m[43mpath[49m[43m,[49m
[1;32m     63[0m [43m    [49m[43mmode[49m[38;5;241;43m=[39;49m[43mmode[49m[43m,[49m
[1;32m     64[0m [43m    [49m[43mstorage_options[49m[38;5;241;43m=[39;49m[43mstorage_options[49m[43m,[49m
[1;32m     65[0m [43m    [49m[43mif_sheet_exists[49m[38;5;241;43m=[39;49m[43mif_sheet_exists[49m[43m,[49m
[1;32m     66[0m [43m    [49m[43mengine_kwargs[49m[38;5;241;43m=[39;49m[43mengine_kwargs[49m[43m,[49m
[1;32m     67[0m [43m[49m[43m)[49m
[1;32m     69[0m [38;5;66;03m# ExcelWriter replaced "a" by "r+" to allow us to first read the excel file from[39;00m
[1;32m     70[0m [38;5;66;03m# the file and later write to it[39;00m
[1;32m     71[0m [38;5;28;01mif[39;00m [38;5;124m"[39m[38;5;124mr+[39m[38;5;124m"[39m [38;5;129;01min[39;00m [38;5;28mself[39m[38;5;241m.[39m_mode:  [38;5;66;03m# Load from existing workbook[39;00m

File [0;32m~/Desktop/codes/xenon_generation_sft/venv/lib/python3.9/site-packages/pandas/io/excel/_base.py:1263[0m, in [0;36mExcelWriter.__init__[0;34m(self, path, engine, date_format, datetime_format, mode, storage_options, if_sheet_exists, engine_kwargs)[0m
[1;32m   1259[0m [38;5;28mself[39m[38;5;241m.[39m_handles [38;5;241m=[39m IOHandles(
[1;32m   1260[0m     cast(IO[[38;5;28mbytes[39m], path), compression[38;5;241m=[39m{[38;5;124m"[39m[38;5;124mcompression[39m[38;5;124m"[39m: [38;5;28;01mNone[39;00m}
[1;32m   1261[0m )
[1;32m   1262[0m [38;5;28;01mif[39;00m [38;5;129;01mnot[39;00m [38;5;28misinstance[39m(path, ExcelWriter):
[0;32m-> 1263[0m     [38;5;28mself[39m[38;5;241m.[39m_handles [38;5;241m=[39m [43mget_handle[49m[43m([49m
[1;32m   1264[0m [43m        [49m[43mpath[49m[43m,[49m[43m [49m[43mmode[49m[43m,[49m[43m [49m[43mstorage_options[49m[38;5;241;43m=[39;49m[43mstorage_options[49m[43m,[49m[43m [49m[43mis_text[49m[38;5;241;43m=[39;49m[38;5;28;43;01mFalse[39;49;00m
[1;32m   1265[0m [43m    [49m[43m)[49m
[1;32m   1266[0m [38;5;28mself[39m[38;5;241m.[39m_cur_sheet [38;5;241m=[39m [38;5;28;01mNone[39;00m
[1;32m   1268[0m [38;5;28;01mif[39;00m date_format [38;5;129;01mis[39;00m [38;5;28;01mNone[39;00m:

File [0;32m~/Desktop/codes/xenon_generation_sft/venv/lib/python3.9/site-packages/pandas/io/common.py:739[0m, in [0;36mget_handle[0;34m(path_or_buf, mode, encoding, compression, memory_map, is_text, errors, storage_options)[0m
[1;32m    737[0m [38;5;66;03m# Only for write methods[39;00m
[1;32m    738[0m [38;5;28;01mif[39;00m [38;5;124m"[39m[38;5;124mr[39m[38;5;124m"[39m [38;5;129;01mnot[39;00m [38;5;129;01min[39;00m mode [38;5;129;01mand[39;00m is_path:
[0;32m--> 739[0m     [43mcheck_parent_directory[49m[43m([49m[38;5;28;43mstr[39;49m[43m([49m[43mhandle[49m[43m)[49m[43m)[49m
[1;32m    741[0m [38;5;28;01mif[39;00m compression:
[1;32m    742[0m     [38;5;28;01mif[39;00m compression [38;5;241m!=[39m [38;5;124m"[39m[38;5;124mzstd[39m[38;5;124m"[39m:
[1;32m    743[0m         [38;5;66;03m# compression libraries do not like an explicit text-mode[39;00m

File [0;32m~/Desktop/codes/xenon_generation_sft/venv/lib/python3.9/site-packages/pandas/io/common.py:604[0m, in [0;36mcheck_parent_directory[0;34m(path)[0m
[1;32m    602[0m parent [38;5;241m=[39m Path(path)[38;5;241m.[39mparent
[1;32m    603[0m [38;5;28;01mif[39;00m [38;5;129;01mnot[39;00m parent[38;5;241m.[39mis_dir():
[0;32m--> 604[0m     [38;5;28;01mraise[39;00m [38;5;167;01mOSError[39;00m([38;5;124mrf[39m[38;5;124m"[39m[38;5;124mCannot save file into a non-existent directory: [39m[38;5;124m'[39m[38;5;132;01m{[39;00mparent[38;5;132;01m}[39;00m[38;5;124m'[39m[38;5;124m"[39m)

[0;31mOSError[0m: Cannot save file into a non-existent directory: './output_files'

